<?xml version="1.0" encoding="UTF-8"?>
<!-- Generated by org.testng.reporters.JUnitXMLReporter -->
<testsuite hostname="DESKTOP-H7PFGS0" ignored="0" name="Zgloszenie" tests="7" failures="0" timestamp="2018-08-09T13:31:35 CEST" time="242.41" errors="0">
  <testcase name="testZgloszeniePrzeksztalceniewIncydentBezpieczenstwa" time="31.47" classname="santander.regresion.test.ZgloszeniePrzeksztalceniewIncydentBezpieczenstwa"/>
  <testcase name="testZgloszeniePrzeksztalcenieWeWniosekoUprawnienia" time="30.6" classname="santander.regresion.test.ZgloszeniePrzeksztalcenieWeWniosekoUprawnienia"/>
  <testcase name="testZgloszenie" time="19.291" classname="santander.regresion.test.Zgloszenie"/>
  <testcase name="testZgloszeniePrzeksztalcenieWeWniosek" time="30.408" classname="santander.regresion.test.ZgloszeniePrzeksztalcenieWeWniosek"/>
  <testcase name="testZgloszeniePrzeksztalceniewIncydentPierwszy" time="33.85" classname="santander.regresion.test.ZgloszeniePrzeksztalceniewIncydentPierwszy"/>
  <testcase name="testZamkniecieZgloszenia" time="19.192" classname="santander.regresion.test.ZamkniecieZgloszenia"/>
  <testcase name="testPrzejecieZgloszenia" time="33.677" classname="santander.regresion.test.PrzejecieZgloszenia"/>
</testsuite> <!-- Zgloszenie -->
